\BOOKMARK [0][-]{chapter.1}{\376\377\000O\000b\000j\000e\000c\000t\000\040\000O\000r\000i\000e\000n\000t\000e\000d\000\040\000P\000r\000o\000g\000r\000a\000m\000m\000i\000n\000g}{}% 1
\BOOKMARK [1][-]{section.1.1}{\376\377\000O\000O\000P}{chapter.1}% 2
\BOOKMARK [2][-]{subsection.1.1.1}{\376\377\000C\000l\000a\000s\000s\000e\000s\000\040\000a\000n\000d\000\040\000O\000b\000j\000e\000c\000t\000s}{section.1.1}% 3
\BOOKMARK [2][-]{subsection.1.1.2}{\376\377\000P\000r\000o\000c\000e\000d\000u\000r\000a\000l\000\040\000v\000s\000\040\000O\000b\000j\000e\000c\000t\000-\000O\000r\000i\000e\000n\000t\000e\000d\000\040\000P\000r\000o\000g\000r\000a\000m\000m\000i\000n\000g}{section.1.1}% 4
\BOOKMARK [1][-]{section.1.2}{\376\377\000C\000+\000+\000\040\000C\000l\000a\000s\000s\000e\000s\000/\000O\000b\000j\000e\000c\000t\000s}{chapter.1}% 5
\BOOKMARK [2][-]{subsection.1.2.1}{\376\377\000C\000r\000e\000a\000t\000e\000\040\000a\000n\000\040\000O\000b\000j\000e\000c\000t}{section.1.2}% 6
\BOOKMARK [1][-]{section.1.3}{\376\377\000C\000l\000a\000s\000s\000\040\000M\000e\000t\000h\000o\000d\000s}{chapter.1}% 7
\BOOKMARK [2][-]{subsection.1.3.1}{\376\377\000D\000e\000f\000i\000n\000e\000\040\000a\000\040\000M\000e\000t\000h\000o\000d\000\040\000I\000n\000s\000i\000d\000e\000\040\000t\000h\000e\000\040\000C\000l\000a\000s\000s}{section.1.3}% 8
\BOOKMARK [2][-]{subsection.1.3.2}{\376\377\000D\000e\000f\000i\000n\000e\000\040\000a\000\040\000M\000e\000t\000h\000o\000d\000\040\000O\000u\000t\000s\000i\000d\000e\000\040\000t\000h\000e\000\040\000C\000l\000a\000s\000s}{section.1.3}% 9
\BOOKMARK [2][-]{subsection.1.3.3}{\376\377\000P\000a\000r\000a\000m\000e\000t\000e\000r\000s}{section.1.3}% 10
\BOOKMARK [1][-]{section.1.4}{\376\377\000C\000o\000n\000s\000t\000r\000u\000c\000t\000o\000r\000s}{chapter.1}% 11
\BOOKMARK [2][-]{subsection.1.4.1}{\376\377\000C\000o\000n\000s\000t\000r\000u\000c\000t\000o\000r\000\040\000w\000i\000t\000h\000\040\000P\000a\000r\000a\000m\000e\000t\000e\000r\000s}{section.1.4}% 12
\BOOKMARK [2][-]{subsection.1.4.2}{\376\377\000C\000o\000n\000s\000t\000r\000u\000c\000t\000o\000r\000\040\000D\000e\000f\000i\000n\000e\000d\000\040\000O\000u\000t\000s\000i\000d\000e\000\040\000t\000h\000e\000\040\000C\000l\000a\000s\000s}{section.1.4}% 13
\BOOKMARK [2][-]{subsection.1.4.3}{\376\377\000W\000h\000y\000\040\000U\000s\000i\000n\000g\000\040\000C\000o\000n\000s\000t\000r\000u\000c\000t\000o\000r\000s}{section.1.4}% 14
\BOOKMARK [2][-]{subsection.1.4.4}{\376\377\000C\000+\000+\000\040\000C\000o\000n\000s\000t\000r\000u\000c\000t\000o\000r\000\040\000O\000v\000e\000r\000l\000o\000a\000d\000i\000n\000g}{section.1.4}% 15
\BOOKMARK [1][-]{section.1.5}{\376\377\000C\000+\000+\000\040\000A\000c\000c\000e\000s\000s\000\040\000S\000p\000e\000c\000i\000f\000i\000e\000r\000s}{chapter.1}% 16
\BOOKMARK [2][-]{subsection.1.5.1}{\376\377\000U\000s\000i\000n\000g\000\040\000A\000c\000c\000e\000s\000s\000\040\000S\000p\000e\000c\000i\000f\000i\000e\000r\000s}{section.1.5}% 17
\BOOKMARK [2][-]{subsection.1.5.2}{\376\377\000P\000r\000i\000v\000a\000t\000e}{section.1.5}% 18
\BOOKMARK [2][-]{subsection.1.5.3}{\376\377\000P\000r\000o\000t\000e\000c\000t\000e\000d}{section.1.5}% 19
\BOOKMARK [1][-]{section.1.6}{\376\377\000C\000+\000+\000\040\000E\000n\000c\000a\000p\000s\000u\000l\000a\000t\000i\000o\000n}{chapter.1}% 20
\BOOKMARK [2][-]{subsection.1.6.1}{\376\377\000A\000c\000c\000e\000s\000s\000\040\000P\000r\000i\000v\000a\000t\000e\000\040\000M\000e\000m\000b\000e\000r\000s}{section.1.6}% 21
\BOOKMARK [1][-]{section.1.7}{\376\377\000C\000+\000+\000\040\000T\000h\000e\000\040\000F\000r\000i\000e\000n\000d\000\040\000K\000e\000y\000w\000o\000r\000d}{chapter.1}% 22
