\BOOKMARK [0][-]{chapter.1}{\376\377\000I\000n\000t\000r\000o\000d\000u\000c\000t\000i\000o\000n\000\040\000t\000o\000\040\000D\000a\000t\000a\000\040\000A\000n\000a\000l\000y\000t\000i\000c\000s}{}% 1
\BOOKMARK [1][-]{section.1.1}{\376\377\000D\000a\000t\000a}{chapter.1}% 2
\BOOKMARK [1][-]{section.1.2}{\376\377\000R\000o\000l\000e\000s\000\040\000i\000n\000\040\000D\000a\000t\000a}{chapter.1}% 3
\BOOKMARK [2][-]{subsection.1.2.1}{\376\377\000D\000a\000t\000a\000\040\000E\000n\000g\000i\000n\000e\000e\000r}{section.1.2}% 4
\BOOKMARK [2][-]{subsection.1.2.2}{\376\377\000D\000a\000t\000a\000\040\000A\000n\000a\000l\000y\000s\000t}{section.1.2}% 5
\BOOKMARK [2][-]{subsection.1.2.3}{\376\377\000D\000a\000t\000a\000\040\000S\000c\000i\000e\000n\000t\000i\000s\000t}{section.1.2}% 6
\BOOKMARK [2][-]{subsection.1.2.4}{\376\377\000B\000u\000s\000i\000n\000e\000s\000s\000\040\000A\000n\000a\000l\000y\000s\000t\000\040\000a\000n\000d\000\040\000B\000I\000\040\000A\000n\000a\000l\000y\000s\000t}{section.1.2}% 7
\BOOKMARK [2][-]{subsection.1.2.5}{\376\377\000S\000u\000m\000m\000a\000r\000y}{section.1.2}% 8
\BOOKMARK [1][-]{section.1.3}{\376\377\000W\000h\000a\000t\000\040\000i\000s\000\040\000D\000a\000t\000a\000\040\000A\000n\000a\000l\000y\000s\000i\000s\000?}{chapter.1}% 9
\BOOKMARK [2][-]{subsection.1.3.1}{\376\377\000T\000y\000p\000e\000s\000\040\000o\000f\000\040\000D\000a\000t\000a\000\040\000A\000n\000a\000l\000y\000s\000t\000s}{section.1.3}% 10
\BOOKMARK [2][-]{subsection.1.3.2}{\376\377\000D\000a\000t\000a\000\040\000A\000n\000a\000l\000y\000s\000i\000s\000\040\000P\000r\000o\000c\000e\000s\000s}{section.1.3}% 11
\BOOKMARK [1][-]{section.1.4}{\376\377\000R\000e\000s\000p\000o\000n\000s\000a\000b\000i\000l\000i\000t\000i\000e\000s\000\040\000o\000f\000\040\000a\000\040\000D\000a\000t\000a\000\040\000A\000n\000a\000l\000y\000s\000t}{chapter.1}% 12
\BOOKMARK [2][-]{subsection.1.4.1}{\376\377\000S\000k\000i\000l\000l\000s\000\040\000o\000f\000\040\000a\000\040\000D\000a\000t\000a\000\040\000A\000n\000a\000l\000y\000s\000t}{section.1.4}% 13
\BOOKMARK [1][-]{section.1.5}{\376\377\000G\000e\000n\000e\000r\000a\000t\000i\000v\000e\000\040\000A\000I}{chapter.1}% 14
\BOOKMARK [2][-]{subsection.1.5.1}{\376\377\000K\000e\000y\000\040\000t\000e\000c\000h\000n\000i\000q\000u\000e\000s\000\040\000i\000n\000\040\000g\000e\000n\000e\000r\000a\000t\000i\000v\000e\000\040\000A\000I}{section.1.5}% 15
\BOOKMARK [1][-]{section.1.6}{\376\377\000A\000v\000e\000r\000a\000g\000e\000\040\000P\000r\000o\000c\000e\000s\000s\000\040\000o\000f\000\040\000a\000\040\000D\000a\000t\000a\000\040\000A\000n\000a\000l\000y\000s\000t}{chapter.1}% 16
\BOOKMARK [0][-]{chapter.2}{\376\377\000D\000a\000t\000a\000\040\000E\000c\000o\000s\000y\000s\000t\000e\000m}{}% 17
\BOOKMARK [1][-]{section.2.1}{\376\377\000O\000v\000e\000r\000v\000i\000e\000w\000\040\000o\000f\000\040\000t\000h\000e\000\040\000E\000c\000o\000s\000y\000s\000t\000e\000m}{chapter.2}% 18
\BOOKMARK [2][-]{subsection.2.1.1}{\376\377\000D\000a\000t\000a\000\040\000F\000o\000r\000m\000a\000t\000s}{section.2.1}% 19
\BOOKMARK [2][-]{subsection.2.1.2}{\376\377\000L\000a\000n\000g\000u\000a\000g\000e\000s}{section.2.1}% 20
\BOOKMARK [2][-]{subsection.2.1.3}{\376\377\000A\000u\000t\000o\000m\000a\000t\000e\000d\000\040\000T\000o\000o\000l\000s}{section.2.1}% 21
\BOOKMARK [1][-]{section.2.2}{\376\377\000D\000a\000t\000a}{chapter.2}% 22
\BOOKMARK [2][-]{subsection.2.2.1}{\376\377\000C\000a\000t\000e\000g\000o\000r\000i\000z\000a\000t\000i\000o\000n\000\040\000o\000f\000\040\000D\000a\000t\000a}{section.2.2}% 23
\BOOKMARK [2][-]{subsection.2.2.2}{\376\377\000S\000t\000r\000u\000c\000t\000u\000r\000e\000d\000\040\000D\000a\000t\000a}{section.2.2}% 24
\BOOKMARK [2][-]{subsection.2.2.3}{\376\377\000S\000e\000m\000i\000s\000t\000r\000u\000c\000t\000u\000r\000e\000d\000\040\000D\000a\000t\000a}{section.2.2}% 25
\BOOKMARK [2][-]{subsection.2.2.4}{\376\377\000U\000n\000s\000t\000r\000u\000c\000t\000u\000r\000e\000d\000\040\000D\000a\000t\000a}{section.2.2}% 26
\BOOKMARK [1][-]{section.2.3}{\376\377\000F\000i\000l\000e\000\040\000S\000t\000r\000u\000c\000t\000u\000r\000e\000s}{chapter.2}% 27
\BOOKMARK [2][-]{subsection.2.3.1}{\376\377\000D\000e\000l\000i\000m\000i\000t\000e\000d\000\040\000T\000e\000x\000t\000\040\000F\000i\000l\000e\000s}{section.2.3}% 28
\BOOKMARK [2][-]{subsection.2.3.2}{\376\377\000M\000i\000c\000r\000o\000s\000o\000f\000t\000\040\000E\000x\000c\000e\000l\000\040\000O\000p\000e\000n\000\040\000X\000M\000L\000\040\000S\000p\000r\000e\000a\000d\000s\000h\000e\000e\000t\000\040\000o\000r\000\040\000|\000.\000X\000L\000S\000X\000|}{section.2.3}% 29
\BOOKMARK [2][-]{subsection.2.3.3}{\376\377\000E\000x\000t\000e\000n\000s\000i\000b\000l\000e\000\040\000M\000a\000r\000k\000u\000p\000\040\000L\000a\000n\000g\000u\000a\000g\000e\000\040\000o\000r\000\040\000|\000.\000X\000M\000L\000|}{section.2.3}% 30
\BOOKMARK [2][-]{subsection.2.3.4}{\376\377\000P\000o\000r\000t\000a\000b\000l\000e\000\040\000D\000o\000c\000u\000m\000e\000n\000t\000\040\000F\000i\000l\000e\000\040\000\050\000P\000D\000F\000\051}{section.2.3}% 31
\BOOKMARK [2][-]{subsection.2.3.5}{\376\377\000J\000a\000v\000a\000S\000c\000r\000i\000p\000t\000\040\000O\000b\000j\000e\000c\000t\000\040\000N\000o\000t\000a\000t\000i\000o\000n\000\040\000\050\000J\000S\000O\000N\000\051}{section.2.3}% 32
