2025.07.06 01:11:38 INFO  Started: Metals version 1.6.0 in folders '/home/cristoalvarado/Documents/Conocimiento/Knowledge/Programacion/Programming Languages/Java/Hello World' for client Visual Studio Code 1.101.2.
2025.07.06 01:11:39 INFO  no build target found for /home/cristoalvarado/Documents/Conocimiento/Knowledge/Programacion/Programming Languages/Java/Hello World/HelloWorld.java. Using fallback presentation compiler.
2025.07.06 01:11:40 WARN  no build tool detected in workspace '/home/cristoalvarado/Documents/Conocimiento/Knowledge/Programacion/Programming Languages/Java/Hello World'. The most common cause for this problem is that the editor was opened in the wrong working directory, for example if you use sbt then the workspace directory should contain build.sbt. 
2025.07.06 01:11:40 WARN  Build server is not auto-connectable.
2025.07.06 01:11:40 WARN  no build target for: /home/cristoalvarado/Documents/Conocimiento/Knowledge/Programacion/Programming Languages/Java/Hello World/HelloWorld.java
2025.07.06 01:11:39 INFO  no build target found for /home/cristoalvarado/Documents/Conocimiento/Knowledge/Programacion/Programming Languages/Java/Hello World/HelloWorld.java. Using fallback presentation compiler.
Jul 06, 2025 1:11:40 AM org.eclipse.lsp4j.jsonrpc.RemoteEndpoint handleCancellation
WARNING: Unmatched cancel notification for request id 2
2025.07.06 01:11:40 WARN  Running javac-semanticdb failed for file:///home/cristoalvarado/Documents/Conocimiento/Knowledge/Programacion/Programming%20Languages/Java/Hello%20World/HelloWorld.java. Output:

2025.07.06 01:11:39 INFO  no build target found for /home/cristoalvarado/Documents/Conocimiento/Knowledge/Programacion/Programming Languages/Java/Hello World/HelloWorld.java. Using fallback presentation compiler.
2025.07.06 01:11:40 WARN  no build target for: /home/cristoalvarado/Documents/Conocimiento/Knowledge/Programacion/Programming Languages/Java/Hello World/HelloWorld.java
2025.07.06 01:11:39 INFO  no build target found for /home/cristoalvarado/Documents/Conocimiento/Knowledge/Programacion/Programming Languages/Java/Hello World/HelloWorld.java. Using fallback presentation compiler.
2025.07.06 01:11:41 INFO  no build target found for /home/cristoalvarado/Documents/Conocimiento/Knowledge/Programacion/Programming Languages/Java/Hello World/HelloWorld.java. Using fallback presentation compiler.
2025.07.06 01:11:41 WARN  Running javac-semanticdb failed for file:///home/cristoalvarado/Documents/Conocimiento/Knowledge/Programacion/Programming%20Languages/Java/Hello%20World/HelloWorld.java. Output:

Jul 06, 2025 1:11:41 AM org.eclipse.lsp4j.jsonrpc.RemoteEndpoint handleCancellation
WARNING: Unmatched cancel notification for request id 10
2025.07.06 01:11:41 WARN  no build target for: /home/cristoalvarado/Documents/Conocimiento/Knowledge/Programacion/Programming Languages/Java/Hello World/HolaMundo.java
2025.07.06 01:11:41 INFO  no build target found for /home/cristoalvarado/Documents/Conocimiento/Knowledge/Programacion/Programming Languages/Java/Hello World/HolaMundo.java. Using fallback presentation compiler.
2025.07.06 01:11:41 WARN  Running javac-semanticdb failed for file:///home/cristoalvarado/Documents/Conocimiento/Knowledge/Programacion/Programming%20Languages/Java/Hello%20World/HolaMundo.java. Output:

2025.07.06 01:11:41 INFO  no build target found for /home/cristoalvarado/Documents/Conocimiento/Knowledge/Programacion/Programming Languages/Java/Hello World/HolaMundo.java. Using fallback presentation compiler.
2025.07.06 01:12:17 INFO  no build target found for /home/cristoalvarado/Documents/Conocimiento/Knowledge/Programacion/Programming Languages/Java/Hello World/HolaMundo.java. Using fallback presentation compiler.
2025.07.06 01:12:17 INFO  no build target found for /home/cristoalvarado/Documents/Conocimiento/Knowledge/Programacion/Programming Languages/Java/Hello World/HolaMundo.java. Using fallback presentation compiler.
2025.07.06 01:12:17 INFO  no build target found for /home/cristoalvarado/Documents/Conocimiento/Knowledge/Programacion/Programming Languages/Java/Hello World/HolaMundo.java. Using fallback presentation compiler.
2025.07.06 01:12:17 INFO  no build target found for /home/cristoalvarado/Documents/Conocimiento/Knowledge/Programacion/Programming Languages/Java/Hello World/HolaMundo.java. Using fallback presentation compiler.
2025.07.06 01:12:17 WARN  Running javac-semanticdb failed for file:///home/cristoalvarado/Documents/Conocimiento/Knowledge/Programacion/Programming%20Languages/Java/Hello%20World/HolaMundo.java. Output:

2025.07.06 01:12:18 WARN  no build target for: /home/cristoalvarado/Documents/Conocimiento/Knowledge/Programacion/Programming Languages/Java/Hello World/HolaMundo.java
2025.07.06 01:12:34 INFO  no build target found for /home/cristoalvarado/Documents/Conocimiento/Knowledge/Programacion/Programming Languages/Java/Hello World/HolaMundo.java. Using fallback presentation compiler.
2025.07.06 01:12:34 INFO  no build target found for /home/cristoalvarado/Documents/Conocimiento/Knowledge/Programacion/Programming Languages/Java/Hello World/HolaMundo.java. Using fallback presentation compiler.
2025.07.06 01:12:34 WARN  Running javac-semanticdb failed for file:///home/cristoalvarado/Documents/Conocimiento/Knowledge/Programacion/Programming%20Languages/Java/Hello%20World/HolaMundo.java. Output:

2025.07.06 01:12:37 INFO  no build target found for /home/cristoalvarado/Documents/Conocimiento/Knowledge/Programacion/Programming Languages/Java/Hello World/HolaMundo.java. Using fallback presentation compiler.
2025.07.06 01:12:37 INFO  no build target found for /home/cristoalvarado/Documents/Conocimiento/Knowledge/Programacion/Programming Languages/Java/Hello World/HolaMundo.java. Using fallback presentation compiler.
2025.07.06 01:12:37 WARN  Running javac-semanticdb failed for file:///home/cristoalvarado/Documents/Conocimiento/Knowledge/Programacion/Programming%20Languages/Java/Hello%20World/HolaMundo.java. Output:

2025.07.06 01:12:37 WARN  no build target for: /home/cristoalvarado/Documents/Conocimiento/Knowledge/Programacion/Programming Languages/Java/Hello World/HolaMundo.java
