This is pdfTeX, Version 3.141592653-2.6-1.40.25 (TeX Live 2023) (preloaded format=pdflatex 2025.1.15)  2 MAR 2025 21:26
entering extended mode
 restricted \write18 enabled.
 file:line:error style messages enabled.
 %&-line parsing enabled.
**/home/cristoalvarado/Documents/Conocimiento/Knowledge/Matematicas/Extras/Trabajos/Near/main.tex
(/home/cristoalvarado/Documents/Conocimiento/Knowledge/Matematicas/Extras/Trabajos/Near/main.tex
LaTeX2e <2022-11-01> patch level 1
L3 programming layer <2023-02-22> (/usr/share/texlive/texmf-dist/tex/latex/base/book.cls
Document Class: book 2022/07/02 v1.4n Standard LaTeX document class
(/usr/share/texlive/texmf-dist/tex/latex/base/bk12.clo
File: bk12.clo 2022/07/02 v1.4n Standard LaTeX file (size option)
)
\c@part=\count185
\c@chapter=\count186
\c@section=\count187
\c@subsection=\count188
\c@subsubsection=\count189
\c@paragraph=\count190
\c@subparagraph=\count191
\c@figure=\count192
\c@table=\count193
\abovecaptionskip=\skip48
\belowcaptionskip=\skip49
\bibindent=\dimen140
) (/usr/share/texlive/texmf-dist/tex/latex/base/inputenc.sty
Package: inputenc 2021/02/14 v1.3d Input encoding file
\inpenc@prehook=\toks16
\inpenc@posthook=\toks17
 (/usr/share/texlive/texmf-dist/tex/latex/base/latin1.def
File: latin1.def 2021/02/14 v1.3d Input encoding file
)) (/usr/share/texlive/texmf-dist/tex/generic/babel/babel.sty
Package: babel 2023/02/13 3.86 The Babel package
\babel@savecnt=\count194
\U@D=\dimen141
\l@unhyphenated=\language85
 (/usr/share/texlive/texmf-dist/tex/generic/babel/txtbabel.def)
\bbl@readstream=\read2
\bbl@dirlevel=\count195
 (/usr/share/texlive/texmf-dist/tex/generic/babel-spanish/spanish.ldf
Language: spanish.ldf 2021/05/27 v5.0q Spanish support from the babel system
\es@quottoks=\toks18
\es@quotdepth=\count196
Package babel Info: Making " an active character on input line 570.
Package babel Info: Making . an active character on input line 675.
Package babel Info: Making < an active character on input line 722.
Package babel Info: Making > an active character on input line 722.
)) (/usr/share/texlive/texmf-dist/tex/generic/babel/locale/es/babel-spanish.tex
Package babel Info: Importing font and identification data for spanish
(babel)             from babel-es.ini. Reported on input line 11.
) (/usr/share/texlive/texmf-dist/tex/latex/base/latexsym.sty
Package: latexsym 1998/08/17 v2.2e Standard LaTeX package (lasy symbols)
\symlasy=\mathgroup4
LaTeX Font Info:    Overwriting symbol font `lasy' in version `bold'
(Font)                  U/lasy/m/n --> U/lasy/b/n on input line 52.
) (/usr/share/texlive/texmf-dist/tex/latex/amsfonts/amssymb.sty
Package: amssymb 2013/01/14 v3.01 AMS font symbols
 (/usr/share/texlive/texmf-dist/tex/latex/amsfonts/amsfonts.sty
Package: amsfonts 2013/01/14 v3.01 Basic AMSFonts support
\@emptytoks=\toks19
\symAMSa=\mathgroup5
\symAMSb=\mathgroup6
LaTeX Font Info:    Redeclaring math symbol \hbar on input line 98.
LaTeX Font Info:    Overwriting math alphabet `\mathfrak' in version `bold'
(Font)                  U/euf/m/n --> U/euf/b/n on input line 106.
)) (/usr/share/texlive/texmf-dist/tex/latex/amscls/amsthm.sty
Package: amsthm 2020/05/29 v2.20.6
\thm@style=\toks20
\thm@bodyfont=\toks21
\thm@headfont=\toks22
\thm@notefont=\toks23
\thm@headpunct=\toks24
\thm@preskip=\skip50
\thm@postskip=\skip51
\thm@headsep=\skip52
\dth@everypar=\toks25
) (/usr/share/texlive/texmf-dist/tex/generic/xypic/xy.sty (/usr/share/texlive/texmf-dist/tex/generic/xypic/xy.tex Bootstrap'ing: catcodes, docmode, (/usr/share/texlive/texmf-dist/tex/generic/xypic/xyrecat.tex) (/usr/share/texlive/texmf-dist/tex/generic/xypic/xyidioms.tex)

 Xy-pic version 3.8.9 <2013/10/06>
 Copyright (c) 1991-2013 by Kristoffer H. Rose <krisrose@tug.org> and others
 Xy-pic is free software: see the User's Guide for details.

Loading kernel: messages; fonts; allocations: state,
\X@c=\dimen142
\Y@c=\dimen143
\U@c=\dimen144
\D@c=\dimen145
\L@c=\dimen146
\R@c=\dimen147
\Edge@c=\toks26
\X@p=\dimen148
\Y@p=\dimen149
\U@p=\dimen150
\D@p=\dimen151
\L@p=\dimen152
\R@p=\dimen153
\Edge@p=\toks27
\X@origin=\dimen154
\Y@origin=\dimen155
\X@xbase=\dimen156
\Y@xbase=\dimen157
\X@ybase=\dimen158
\Y@ybase=\dimen159
\X@min=\dimen160
\Y@min=\dimen161
\X@max=\dimen162
\Y@max=\dimen163
\lastobjectbox@=\box51
\zerodotbox@=\box52
\almostz@=\dimen164
 direction,
\d@X=\dimen165
\d@Y=\dimen166
\K@=\count197
\KK@=\count198
\Direction=\count199
\K@dXdY=\dimen167
\K@dYdX=\dimen168
\xyread@=\read3
\xywrite@=\write3
\csp@=\count266
\quotPTK@=\dimen169
 utility macros; pictures: \xy, positions,
\swaptoks@@=\toks28
\connectobjectbox@@=\box53
 objects,
\styletoks@=\toks29
 decorations; kernel objects: directionals, circles, text; options; algorithms: directions, edges, connections;  Xy-pic loaded) (/usr/share/texlive/texmf-dist/tex/generic/iftex/ifpdf.sty
Package: ifpdf 2019/10/25 v3.4 ifpdf legacy package. Use iftex instead.
 (/usr/share/texlive/texmf-dist/tex/generic/iftex/iftex.sty
Package: iftex 2022/02/03 v1.0f TeX engine tests
))
Package: xy 2013/10/06 Xy-pic version 3.8.9
 (/usr/share/texlive/texmf-dist/tex/generic/xypic/xyall.tex  Xy-pic option: All features v.3.8 (/usr/share/texlive/texmf-dist/tex/generic/xypic/xycurve.tex  Xy-pic option: Curve and Spline extension v.3.12 curve,
\crv@cnt@=\count267
\crvpts@=\toks30
\splinebox@=\box54
\splineval@=\dimen170
\splinedepth@=\dimen171
\splinetol@=\dimen172
\splinelength@=\dimen173
 circles,
\L@=\dimen174
 loaded) (/usr/share/texlive/texmf-dist/tex/generic/xypic/xyframe.tex  Xy-pic option: Frame and Bracket extension v.3.14 loaded) (/usr/share/texlive/texmf-dist/tex/generic/xypic/xycmtip.tex  Xy-pic option: Computer Modern tip extension v.3.7 (/usr/share/texlive/texmf-dist/tex/generic/xypic/xytips.tex  Xy-pic option: More Tips extension v.3.11 loaded) loaded) (/usr/share/texlive/texmf-dist/tex/generic/xypic/xyline.tex  Xy-pic option: Line styles extension v.3.10
\xylinethick@=\dimen175
 loaded) (/usr/share/texlive/texmf-dist/tex/generic/xypic/xyrotate.tex  Xy-pic option: Rotate and Scale extension v.3.8 loaded) (/usr/share/texlive/texmf-dist/tex/generic/xypic/xycolor.tex  Xy-pic option: Colour extension v.3.11 loaded) (/usr/share/texlive/texmf-dist/tex/generic/xypic/xymatrix.tex  Xy-pic option: Matrix feature v.3.14
\Row=\count268
\Col=\count269
\queue@=\toks31
\queue@@=\toks32
\qcount@=\count270
\qcount@@=\count271
\matrixsize@=\count272
 loaded) (/usr/share/texlive/texmf-dist/tex/generic/xypic/xyarrow.tex  Xy-pic option: Arrow and Path feature v.3.9 path, \ar, loaded) (/usr/share/texlive/texmf-dist/tex/generic/xypic/xygraph.tex  Xy-pic option: Graph feature v.3.11 loaded) loaded) (/usr/share/texlive/texmf-dist/tex/generic/xypic/xypdf.tex  Xy-pic option: PDF driver v.1.7 Xy-pic pdf driver: `color' extension support (/usr/share/texlive/texmf-dist/tex/generic/xypic/xypdf-co.tex loaded) Xy-pic pdf driver: `curve' extension support (/usr/share/texlive/texmf-dist/tex/generic/xypic/xypdf-cu.tex loaded) Xy-pic pdf driver: `frame' extension support (/usr/share/texlive/texmf-dist/tex/generic/xypic/xypdf-fr.tex loaded) Xy-pic pdf driver: `line' extension support (/usr/share/texlive/texmf-dist/tex/generic/xypic/xypdf-li.tex loaded) Xy-pic pdf driver: `rotate' extension support (/usr/share/texlive/texmf-dist/tex/generic/xypic/xypdf-ro.tex loaded) loaded)) (/usr/share/texlive/texmf-dist/tex/latex/base/makeidx.sty
Package: makeidx 2021/10/04 v1.0m Standard LaTeX package
) (/usr/share/texlive/texmf-dist/tex/latex/tools/multicol.sty
Package: multicol 2021/11/30 v1.9d multicolumn formatting (FMi)
\c@tracingmulticols=\count273
\mult@box=\box55
\multicol@leftmargin=\dimen176
\c@unbalance=\count274
\c@collectmore=\count275
\doublecol@number=\count276
\multicoltolerance=\count277
\multicolpretolerance=\count278
\full@width=\dimen177
\page@free=\dimen178
\premulticols=\dimen179
\postmulticols=\dimen180
\multicolsep=\skip53
\multicolbaselineskip=\skip54
\partial@page=\box56
\last@line=\box57
\maxbalancingoverflow=\dimen181
\mult@rightbox=\box58
\mult@grightbox=\box59
\mult@firstbox=\box60
\mult@gfirstbox=\box61
\@tempa=\box62
\@tempa=\box63
\@tempa=\box64
\@tempa=\box65
\@tempa=\box66
\@tempa=\box67
\@tempa=\box68
\@tempa=\box69
\@tempa=\box70
\@tempa=\box71
\@tempa=\box72
\@tempa=\box73
\@tempa=\box74
\@tempa=\box75
\@tempa=\box76
\@tempa=\box77
\@tempa=\box78
\@tempa=\box79
\@tempa=\box80
\@tempa=\box81
\@tempa=\box82
\@tempa=\box83
\@tempa=\box84
\@tempa=\box85
\@tempa=\box86
\@tempa=\box87
\@tempa=\box88
\@tempa=\box89
\@tempa=\box90
\@tempa=\box91
\@tempa=\box92
\@tempa=\box93
\@tempa=\box94
\@tempa=\box95
\@tempa=\box96
\@tempa=\box97
\c@minrows=\count279
\c@columnbadness=\count280
\c@finalcolumnbadness=\count281
\last@try=\dimen182
\multicolovershoot=\dimen183
\multicolundershoot=\dimen184
\mult@nat@firstbox=\box98
\colbreak@box=\box99
\mc@col@check@num=\count282
) (/usr/share/texlive/texmf-dist/tex/latex/amsmath/amsmath.sty
Package: amsmath 2022/04/08 v2.17n AMS math features
\@mathmargin=\skip55

For additional information on amsmath, use the `?' option.
(/usr/share/texlive/texmf-dist/tex/latex/amsmath/amstext.sty
Package: amstext 2021/08/26 v2.01 AMS text
 (/usr/share/texlive/texmf-dist/tex/latex/amsmath/amsgen.sty
File: amsgen.sty 1999/11/30 v2.0 generic functions
\@emptytoks=\toks33
\ex@=\dimen185
)) (/usr/share/texlive/texmf-dist/tex/latex/amsmath/amsbsy.sty
Package: amsbsy 1999/11/29 v1.2d Bold Symbols
\pmbraise@=\dimen186
) (/usr/share/texlive/texmf-dist/tex/latex/amsmath/amsopn.sty
Package: amsopn 2022/04/08 v2.04 operator names
)
\inf@bad=\count283
LaTeX Info: Redefining \frac on input line 234.
\uproot@=\count284
\leftroot@=\count285
LaTeX Info: Redefining \overline on input line 399.
LaTeX Info: Redefining \colon on input line 410.
\classnum@=\count286
\DOTSCASE@=\count287
LaTeX Info: Redefining \ldots on input line 496.
LaTeX Info: Redefining \dots on input line 499.
LaTeX Info: Redefining \cdots on input line 620.
\Mathstrutbox@=\box100
\strutbox@=\box101
LaTeX Info: Redefining \big on input line 722.
LaTeX Info: Redefining \Big on input line 723.
LaTeX Info: Redefining \bigg on input line 724.
LaTeX Info: Redefining \Bigg on input line 725.
\big@size=\dimen187
LaTeX Font Info:    Redeclaring font encoding OML on input line 743.
LaTeX Font Info:    Redeclaring font encoding OMS on input line 744.
\macc@depth=\count288
LaTeX Info: Redefining \bmod on input line 905.
LaTeX Info: Redefining \pmod on input line 910.
LaTeX Info: Redefining \smash on input line 940.
LaTeX Info: Redefining \relbar on input line 970.
LaTeX Info: Redefining \Relbar on input line 971.
\c@MaxMatrixCols=\count289
\dotsspace@=\muskip16
\c@parentequation=\count290
\dspbrk@lvl=\count291
\tag@help=\toks34
\row@=\count292
\column@=\count293
\maxfields@=\count294
\andhelp@=\toks35
\eqnshift@=\dimen188
\alignsep@=\dimen189
\tagshift@=\dimen190
\tagwidth@=\dimen191
\totwidth@=\dimen192
\lineht@=\dimen193
\@envbody=\toks36
\multlinegap=\skip56
\multlinetaggap=\skip57
\mathdisplay@stack=\toks37
LaTeX Info: Redefining \[ on input line 2953.
LaTeX Info: Redefining \] on input line 2954.
) (/usr/share/texlive/texmf-dist/tex/latex/graphics/color.sty
Package: color 2022/01/06 v1.3d Standard LaTeX Color (DPC)
 (/usr/share/texlive/texmf-dist/tex/latex/graphics-cfg/color.cfg
File: color.cfg 2016/01/02 v1.6 sample color configuration
)
Package color Info: Driver file: pdftex.def on input line 149.
 (/usr/share/texlive/texmf-dist/tex/latex/graphics-def/pdftex.def
File: pdftex.def 2022/09/22 v1.2b Graphics/color driver for pdftex
) (/usr/share/texlive/texmf-dist/tex/latex/graphics/mathcolor.ltx)) (/usr/share/texlive/texmf-dist/tex/latex/graphics/graphics.sty
Package: graphics 2022/03/10 v1.4e Standard LaTeX Graphics (DPC,SPQR)
 (/usr/share/texlive/texmf-dist/tex/latex/graphics/trig.sty
Package: trig 2021/08/11 v1.11 sin cos tan (DPC)
) (/usr/share/texlive/texmf-dist/tex/latex/graphics-cfg/graphics.cfg
File: graphics.cfg 2016/06/04 v1.11 sample graphics configuration
)
Package graphics Info: Driver file: pdftex.def on input line 107.
) (/usr/share/texlive/texmf-dist/tex/latex/graphics/graphicx.sty
Package: graphicx 2021/09/16 v1.2d Enhanced LaTeX Graphics (DPC,SPQR)
 (/usr/share/texlive/texmf-dist/tex/latex/graphics/keyval.sty
Package: keyval 2022/05/29 v1.15 key=value parser (DPC)
\KV@toks@=\toks38
)
\Gin@req@height=\dimen194
\Gin@req@width=\dimen195
) (/usr/share/texlive/texmf-dist/tex/latex/cite/cite.sty
LaTeX Info: Redefining \cite on input line 302.
LaTeX Info: Redefining \nocite on input line 332.
Package: cite 2015/02/27  v 5.5
) (/usr/share/texlive/texmf-dist/tex/latex/enumitem/enumitem.sty
Package: enumitem 2019/06/20 v3.9 Customized lists
\labelindent=\skip58
\enit@outerparindent=\dimen196
\enit@toks=\toks39
\enit@inbox=\box102
\enit@count@id=\count295
\enitdp@description=\count296
) (/usr/share/texlive/texmf-dist/tex/latex/jknapltx/mathrsfs.sty
Package: mathrsfs 1996/01/01 Math RSFS package v1.0 (jk)
\symrsfs=\mathgroup7
)
\c@claim=\count297
 (/usr/share/texlive/texmf-dist/tex/latex/l3backend/l3backend-pdftex.def
File: l3backend-pdftex.def 2023-01-16 L3 backend support: PDF output (pdfTeX)
\l__color_backend_stack_int=\count298
\l__pdf_internal_box=\box103
) (./main.aux
LaTeX Info: Redefining \. on input line 8.
LaTeX Info: Redefining \% on input line 8.
)
\openout1 = `main.aux'.

LaTeX Font Info:    Checking defaults for OML/cmm/m/it on input line 45.
LaTeX Font Info:    ... okay on input line 45.
LaTeX Font Info:    Checking defaults for OMS/cmsy/m/n on input line 45.
LaTeX Font Info:    ... okay on input line 45.
LaTeX Font Info:    Checking defaults for OT1/cmr/m/n on input line 45.
LaTeX Font Info:    ... okay on input line 45.
LaTeX Font Info:    Checking defaults for T1/cmr/m/n on input line 45.
LaTeX Font Info:    ... okay on input line 45.
LaTeX Font Info:    Checking defaults for TS1/cmr/m/n on input line 45.
LaTeX Font Info:    ... okay on input line 45.
LaTeX Font Info:    Checking defaults for OMX/cmex/m/n on input line 45.
LaTeX Font Info:    ... okay on input line 45.
LaTeX Font Info:    Checking defaults for U/cmr/m/n on input line 45.
LaTeX Font Info:    ... okay on input line 45.
LaTeX Info: Redefining \. on input line 45.
LaTeX Info: Redefining \% on input line 45.
LaTeX Font Info:    Trying to load font information for U+lasy on input line 45.
 (/usr/share/texlive/texmf-dist/tex/latex/base/ulasy.fd
File: ulasy.fd 1998/08/17 v2.2e LaTeX symbol font definitions
)
LaTeX Font Info:    Trying to load font information for U+msa on input line 45.
 (/usr/share/texlive/texmf-dist/tex/latex/amsfonts/umsa.fd
File: umsa.fd 2013/01/14 v3.01 AMS symbols A
)
LaTeX Font Info:    Trying to load font information for U+msb on input line 45.
 (/usr/share/texlive/texmf-dist/tex/latex/amsfonts/umsb.fd
File: umsb.fd 2013/01/14 v3.01 AMS symbols B
)
LaTeX Font Info:    Trying to load font information for U+rsfs on input line 45.
 (/usr/share/texlive/texmf-dist/tex/latex/jknapltx/ursfs.fd
File: ursfs.fd 1998/03/24 rsfs font definition file (jk)
)
Package xypdf Info: Line width: 0.47998pt on input line 45.
 (/usr/share/texlive/texmf-dist/tex/context/base/mkii/supp-pdf.mkii
[Loading MPS to PDF converter (version 2006.09.02).]
\scratchcounter=\count299
\scratchdimen=\dimen197
\scratchbox=\box104
\nofMPsegments=\count300
\nofMParguments=\count301
\everyMPshowfont=\toks40
\MPscratchCnt=\count302
\MPscratchDim=\dimen198
\MPnumerator=\count303
\makeMPintoPDFobject=\count304
\everyMPtoPDFconversion=\toks41
) (/usr/share/texlive/texmf-dist/tex/latex/epstopdf-pkg/epstopdf-base.sty
Package: epstopdf-base 2020-01-24 v2.11 Base part for package epstopdf
Package epstopdf-base Info: Redefining graphics rule for `.eps' on input line 485.
 (/usr/share/texlive/texmf-dist/tex/latex/latexconfig/epstopdf-sys.cfg
File: epstopdf-sys.cfg 2010/07/13 v1.3 Configuration of (r)epstopdf for TeX Live
)) [1


{/var/lib/texmf/fonts/map/pdftex/updmap/pdftex.map}] [2

] (./main.toc
LaTeX Info: Redefining \. on input line 1.
LaTeX Info: Redefining \% on input line 1.
)
\tf@toc=\write4
\openout4 = `main.toc'.


Underfull \hbox (badness 10000) in paragraph at lines 55--58

 []


Underfull \hbox (badness 10000) in paragraph at lines 55--58

 []


Underfull \hbox (badness 10000) in paragraph at lines 59--62

 []


Underfull \hbox (badness 10000) in paragraph at lines 59--62

 []

[3]
LaTeX Info: Redefining \. on input line 79.
LaTeX Info: Redefining \% on input line 79.
 [4]
Cap\'{\i }tulo 1.
[5

]
LaTeX Info: Redefining \. on input line 103.
LaTeX Info: Redefining \% on input line 103.
 [6] [7]
LaTeX Info: Redefining \. on input line 137.
LaTeX Info: Redefining \% on input line 137.
 [8] [9]
LaTeX Info: Redefining \. on input line 173.
LaTeX Info: Redefining \% on input line 173.
 [10] [11]
LaTeX Info: Redefining \. on input line 211.
LaTeX Info: Redefining \% on input line 211.
 [12]
Overfull \hbox (11.86649pt too wide) in paragraph at lines 214--219
[]\OT1/cmr/m/it/12 Considere $ \OML/cmm/m/it/12 f\OT1/cmr/m/n/12 (\OML/cmm/m/it/12 x; y\OT1/cmr/m/n/12 ) = \OML/cmm/m/it/12 x \OMS/cmsy/m/n/12 ^^@ \OML/cmm/m/it/12 y$\OT1/cmr/m/it/12 , pa-ra ca-da $\OT1/cmr/m/n/12 (\OML/cmm/m/it/12 x; y\OT1/cmr/m/n/12 ) \OMS/cmsy/m/n/12 2 \U/msb/m/n/12 N[]$\OT1/cmr/m/it/12 . De-fi-na: $\OT1/cmr/m/n/12 (\OML/cmm/m/it/12 a; b\OT1/cmr/m/n/12 )\OML/cmm/m/it/12 R\OT1/cmr/m/n/12 (\OML/cmm/m/it/12 c; d\OT1/cmr/m/n/12 ) \OMS/cmsy/m/n/12 ,
 []

[13]
LaTeX Info: Redefining \. on input line 246.
LaTeX Info: Redefining \% on input line 246.
 [14] [15]
LaTeX Info: Redefining \. on input line 296.
LaTeX Info: Redefining \% on input line 296.
 [16] [17]
LaTeX Info: Redefining \. on input line 326.
LaTeX Info: Redefining \% on input line 326.
 [18] [19]
LaTeX Info: Redefining \. on input line 355.
LaTeX Info: Redefining \% on input line 355.
 [20] [21]
LaTeX Info: Redefining \. on input line 386.
LaTeX Info: Redefining \% on input line 386.
 [22] [23]
LaTeX Info: Redefining \. on input line 423.
LaTeX Info: Redefining \% on input line 423.
 [24] [25]
LaTeX Info: Redefining \. on input line 465.
LaTeX Info: Redefining \% on input line 465.
 [26]
Cap\'{\i }tulo 2.

Overfull \hbox (9.93158pt too wide) in paragraph at lines 489--491
\OT1/cmr/m/n/12 M^^Sas a^^Sun, si $\OML/cmm/m/it/12 A[]; [] ; A[] \OMS/cmsy/m/n/12 2 R$ \OT1/cmr/m/n/12 en-ton-ces $[] \OML/cmm/m/it/12 A[]; [] A[] \OMS/cmsy/m/n/12 2 R$ \OT1/cmr/m/n/12 pa-ra ca-da $\OML/cmm/m/it/12 A[]; [] ; A[] \OMS/cmsy/m/n/12 2
 []

[27

]
LaTeX Info: Redefining \. on input line 571.
LaTeX Info: Redefining \% on input line 571.
 [28]
LaTeX Info: Redefining \. on input line 606.
LaTeX Info: Redefining \% on input line 606.
 [29]
LaTeX Info: Redefining \. on input line 663.
LaTeX Info: Redefining \% on input line 663.
 [30]
Overfull \hbox (8.14255pt too wide) in paragraph at lines 672--674
[]\OT1/cmr/m/it/12 Sea $\OML/cmm/m/it/12 E \OT1/cmr/m/n/12 = \OMS/cmsy/m/n/12 f\OT1/cmr/m/n/12 1\OML/cmm/m/it/12 ; \OT1/cmr/m/n/12 2\OML/cmm/m/it/12 ; \OT1/cmr/m/n/12 3\OML/cmm/m/it/12 ; \OT1/cmr/m/n/12 4\OML/cmm/m/it/12 ; \OT1/cmr/m/n/12 5\OMS/cmsy/m/n/12 g$\OT1/cmr/m/it/12 . Con-si-de-re las fa-mi-lias $\OML/cmm/m/it/12 A \OT1/cmr/m/n/12 = \OMS/cmsy/m/n/12 f;\OML/cmm/m/it/12 ; E; \OMS/cmsy/m/n/12 f\OT1/cmr/m/n/12 1\OML/cmm/m/it/12 ; \OT1/cmr/m/n/12 2\OML/cmm/m/it/12 ; \OT1/cmr/m/n/12 3\OMS/cmsy/m/n/12 g\OML/cmm/m/it/12 ; \OMS/cmsy/m/n/12 f\OT1/cmr/m/n/12 4\OML/cmm/m/it/12 ; \OT1/cmr/m/n/12 5\OMS/cmsy/m/n/12 gg$\OT1/cmr/m/it/12 ,
 []


Underfull \hbox (badness 10000) in paragraph at lines 714--722

 []

LaTeX Info: Redefining \. on input line 728.
LaTeX Info: Redefining \% on input line 728.
[31]
Underfull \hbox (badness 10000) in paragraph at lines 764--765

 []

LaTeX Info: Redefining \. on input line 781.
LaTeX Info: Redefining \% on input line 781.
[32]
LaTeX Info: Redefining \. on input line 815.
LaTeX Info: Redefining \% on input line 815.
 [33]
Overfull \hbox (19.70964pt too wide) in paragraph at lines 833--834
[]\OT1/cmr/m/n/12 El si-guien-te ra-zo-na-mien-to pue-de pre-sen-tar-se con-si-de-ran-do cual-quier rect^^Sangu-
 []


Overfull \hbox (40.06963pt too wide) detected at line 838
\OML/cmm/m/it/12 ^^V[]\OT1/cmr/m/n/12 (\OML/cmm/m/it/12 A\OT1/cmr/m/n/12 ) = []\OMS/cmsy/m/n/12 f[] \OML/cmm/m/it/12 m\OT1/cmr/m/n/12 (\OML/cmm/m/it/12 Q[]\OT1/cmr/m/n/12 )  \OMS/cmsy/m/n/12 j  \OML/cmm/m/it/12 A \OMS/cmsy/m/n/12 ^^Z [] \OML/cmm/m/it/12 Q[]; []A\OMS/cmsy/m/n/12 g\OML/cmm/m/it/12 :
 []

LaTeX Info: Redefining \. on input line 854.
LaTeX Info: Redefining \% on input line 854.
[34]
LaTeX Info: Redefining \. on input line 899.
LaTeX Info: Redefining \% on input line 899.
 [35]
LaTeX Info: Redefining \. on input line 948.
LaTeX Info: Redefining \% on input line 948.
 [36]
LaTeX Info: Redefining \. on input line 978.
LaTeX Info: Redefining \% on input line 978.
 [37]
LaTeX Info: Redefining \. on input line 1020.
LaTeX Info: Redefining \% on input line 1020.
 [38]
LaTeX Info: Redefining \. on input line 1083.
LaTeX Info: Redefining \% on input line 1083.
 [39]
LaTeX Info: Redefining \. on input line 1109.
LaTeX Info: Redefining \% on input line 1109.
 [40]
Underfull \hbox (badness 10000) in paragraph at lines 1113--1115

 []

LaTeX Info: Redefining \. on input line 1152.
LaTeX Info: Redefining \% on input line 1152.
[41]
LaTeX Info: Redefining \. on input line 1208.
LaTeX Info: Redefining \% on input line 1208.
 [42]
LaTeX Info: Redefining \. on input line 1246.
LaTeX Info: Redefining \% on input line 1246.
 [43]
LaTeX Info: Redefining \. on input line 1280.
LaTeX Info: Redefining \% on input line 1280.
 [44]
LaTeX Info: Redefining \. on input line 1303.
LaTeX Info: Redefining \% on input line 1303.
 [45]
LaTeX Info: Redefining \. on input line 1350.
LaTeX Info: Redefining \% on input line 1350.
 [46]
Overfull \hbox (19.51317pt too wide) in paragraph at lines 1370--1371
[]\OT1/cmr/bx/n/12 Teorema 2.45. []\OT1/cmr/m/it/12 Sea $\OML/cmm/m/it/12 m$ \OT1/cmr/m/it/12 una me-di-da so-bre un se-mi-ani-llo $\OML/cmm/m/it/12 '[]$\OT1/cmr/m/it/12 , sean $\OML/cmm/m/it/12 A; A[]; []  ; A[] \OMS/cmsy/m/n/12 2
 []


Underfull \hbox (badness 10000) in paragraph at lines 1374--1375

 []

LaTeX Info: Redefining \. on input line 1389.
LaTeX Info: Redefining \% on input line 1389.
[47]
LaTeX Info: Redefining \. on input line 1420.
LaTeX Info: Redefining \% on input line 1420.
 [48]
LaTeX Info: Redefining \. on input line 1449.
LaTeX Info: Redefining \% on input line 1449.
 [49]
Overfull \hbox (35.30766pt too wide) detected at line 1492
\OML/cmm/m/it/12 ^^V[]\OT1/cmr/m/n/12 (\OML/cmm/m/it/12 A\OT1/cmr/m/n/12 ) = \OML/cmm/m/it/12 m\OT1/cmr/m/n/12 (\OML/cmm/m/it/12 E\OT1/cmr/m/n/12 ) \OMS/cmsy/m/n/12 ^^@ \OML/cmm/m/it/12 ^^V[]\OT1/cmr/m/n/12 (\OML/cmm/m/it/12 E \OMS/cmsy/m/n/12 n \OML/cmm/m/it/12 A\OT1/cmr/m/n/12 ) \OMS/cmsy/m/n/12 ^^T \OML/cmm/m/it/12 m\OT1/cmr/m/n/12 (\OML/cmm/m/it/12 E\OT1/cmr/m/n/12 ) \OMS/cmsy/m/n/12 ^^@ []\OT1/cmr/m/n/12 (\OML/cmm/m/it/12 E \OMS/cmsy/m/n/12 n \OML/cmm/m/it/12 A\OT1/cmr/m/n/12 ) = [](\OML/cmm/m/it/12 E\OT1/cmr/m/n/12 ) \OMS/cmsy/m/n/12 ^^@ [] \OT1/cmr/m/n/12 = [](\OML/cmm/m/it/12 A\OT1/cmr/m/n/12 )\OML/cmm/m/it/12 :
 []

LaTeX Info: Redefining \. on input line 1492.
LaTeX Info: Redefining \% on input line 1492.
[50]
LaTeX Info: Redefining \. on input line 1533.
LaTeX Info: Redefining \% on input line 1533.
 [51]
LaTeX Info: Redefining \. on input line 1537.
LaTeX Info: Redefining \% on input line 1537.
 [52]
Cap\'{\i }tulo 3.
[53

]
Overfull \hbox (26.98672pt too wide) detected at line 1564
\OML/cmm/m/it/12 f[] [] \OT1/cmr/m/n/12 = [] \OML/cmm/m/it/12 f[]\OT1/cmr/m/n/12 (\OML/cmm/m/it/12 A[]\OT1/cmr/m/n/12 )\OML/cmm/m/it/12 ;  f[] [] \OT1/cmr/m/n/12 = [] \OML/cmm/m/it/12 f[]\OT1/cmr/m/n/12 (\OML/cmm/m/it/12 A[]\OT1/cmr/m/n/12 )\OML/cmm/m/it/12 ;  f[]\OT1/cmr/m/n/12 (\OML/cmm/m/it/12 A\OT1/cmr/m/n/12 )[] = \OML/cmm/m/it/12 f[]\OT1/cmr/m/n/12 (\OML/cmm/m/it/12 A[]\OT1/cmr/m/n/12 )
 []

LaTeX Info: Redefining \. on input line 1596.
LaTeX Info: Redefining \% on input line 1596.
[54]
LaTeX Info: Redefining \. on input line 1656.
LaTeX Info: Redefining \% on input line 1656.
 [55]
LaTeX Info: Redefining \. on input line 1710.
LaTeX Info: Redefining \% on input line 1710.
 [56]
LaTeX Info: Redefining \. on input line 1759.
LaTeX Info: Redefining \% on input line 1759.
 [57]
Overfull \hbox (2.54774pt too wide) in paragraph at lines 1773--1776
\OT1/cmr/m/it/12 fun-ci^^Son de-fi-ni-da en $\OML/cmm/m/it/12 X$\OT1/cmr/m/it/12 . Di-re-mos que $\OT1/cmr/m/n/12 (\OML/cmm/m/it/12 f[]\OT1/cmr/m/n/12 )$ \OT1/cmr/m/it/12 con-ver-ge c.t.p. a $\OML/cmm/m/it/12 f$ \OT1/cmr/m/it/12 si $[][] \OML/cmm/m/it/12 f[]\OT1/cmr/m/n/12 (\OML/cmm/m/it/12 x\OT1/cmr/m/n/12 ) =
 []

LaTeX Info: Redefining \. on input line 1819.
LaTeX Info: Redefining \% on input line 1819.
[58]
LaTeX Info: Redefining \. on input line 1853.
LaTeX Info: Redefining \% on input line 1853.
 [59]
LaTeX Info: Redefining \. on input line 1892.
LaTeX Info: Redefining \% on input line 1892.
 [60]
LaTeX Info: Redefining \. on input line 1939.
LaTeX Info: Redefining \% on input line 1939.
 [61]
LaTeX Info: Redefining \. on input line 1999.
LaTeX Info: Redefining \% on input line 1999.
 [62]
LaTeX Info: Redefining \. on input line 2037.
LaTeX Info: Redefining \% on input line 2037.
 [63]
LaTeX Info: Redefining \. on input line 2064.
LaTeX Info: Redefining \% on input line 2064.
 [64]
LaTeX Info: Redefining \. on input line 2096.
LaTeX Info: Redefining \% on input line 2096.
 [65]
LaTeX Info: Redefining \. on input line 2135.
LaTeX Info: Redefining \% on input line 2135.
 [66]
Underfull \hbox (badness 10000) in paragraph at lines 2152--2155

 []


Underfull \hbox (badness 10000) in paragraph at lines 2165--2166

 []


Overfull \hbox (21.06787pt too wide) in paragraph at lines 2184--2185
[]\OT1/cmr/bx/n/12 Corolario 3.41. []\OT1/cmr/m/it/12 Sea $\OML/cmm/m/it/12 f$ \OT1/cmr/m/it/12 una fun-ci^^Son in-te-gra-ble y no ne-ga-ti-va en $\OML/cmm/m/it/12 A$\OT1/cmr/m/it/12 . Si $[][] \OML/cmm/m/it/12 f\OT1/cmr/m/n/12 (\OML/cmm/m/it/12 x\OT1/cmr/m/n/12 )\OML/cmm/m/it/12 du \OT1/cmr/m/n/12 =
 []

LaTeX Info: Redefining \. on input line 2185.
LaTeX Info: Redefining \% on input line 2185.
[67]
LaTeX Info: Redefining \. on input line 2228.
LaTeX Info: Redefining \% on input line 2228.
 [68]
LaTeX Info: Redefining \. on input line 2250.
LaTeX Info: Redefining \% on input line 2250.
 [69]
LaTeX Info: Redefining \. on input line 2277.
LaTeX Info: Redefining \% on input line 2277.
 [70]
LaTeX Info: Redefining \. on input line 2311.
LaTeX Info: Redefining \% on input line 2311.
 [71]
LaTeX Info: Redefining \. on input line 2311.
LaTeX Info: Redefining \% on input line 2311.
 [72

]
Cap\'{\i }tulo 4.
[73]
LaTeX Info: Redefining \. on input line 2413.
LaTeX Info: Redefining \% on input line 2413.
 [74]
LaTeX Info: Redefining \. on input line 2454.
LaTeX Info: Redefining \% on input line 2454.
 [75]
Overfull \hbox (35.92238pt too wide) detected at line 2456
\OMS/cmsy/m/n/12 h\OT1/cmr/m/n/12 (\OML/cmm/m/it/12 z[]; [] ; z[]\OT1/cmr/m/n/12 )\OML/cmm/m/it/12 ; \OT1/cmr/m/n/12 (\OML/cmm/m/it/12 w[]; [] ; w[]\OT1/cmr/m/n/12 )\OMS/cmsy/m/n/12 i \OT1/cmr/m/n/12 = [] \OML/cmm/m/it/12 z[][];  \OMS/cmsy/m/n/12 8\OT1/cmr/m/n/12 (\OML/cmm/m/it/12 z[]; [] ; z[]\OT1/cmr/m/n/12 )\OML/cmm/m/it/12 ; \OT1/cmr/m/n/12 (\OML/cmm/m/it/12 w[]; [] ; w[]\OT1/cmr/m/n/12 ) \OMS/cmsy/m/n/12 2 \U/msb/m/n/12 C[]
 []

LaTeX Info: Redefining \. on input line 2485.
LaTeX Info: Redefining \% on input line 2485.
[76]
LaTeX Info: Redefining \. on input line 2551.
LaTeX Info: Redefining \% on input line 2551.
 [77]
Overfull \hbox (1.32024pt too wide) detected at line 2585
[]
 []


Overfull \hbox (29.3747pt too wide) detected at line 2585
[]
 []

LaTeX Info: Redefining \. on input line 2585.
LaTeX Info: Redefining \% on input line 2585.
[78]
Overfull \hbox (38.88237pt too wide) in paragraph at lines 2598--2599
[]\OT1/cmr/m/n/12 El re-sul-ta-do se tie-ne de for-ma in-me-dia-ta si $[][] [][] \OML/cmm/m/it/12 dt \OT1/cmr/m/n/12 =
 []


Overfull \hbox (39.52405pt too wide) detected at line 2606
[]
 []


Overfull \hbox (29.3747pt too wide) detected at line 2606
[]
 []


Overfull \hbox (23.41168pt too wide) detected at line 2622
[]
 []


Overfull \hbox (29.3747pt too wide) detected at line 2622
[]
 []

LaTeX Info: Redefining \. on input line 2622.
LaTeX Info: Redefining \% on input line 2622.
[79]
Overfull \hbox (0.7976pt too wide) detected at line 2628
[]
 []


Overfull \hbox (29.3747pt too wide) detected at line 2628
[]
 []


Overfull \hbox (6.35185pt too wide) in paragraph at lines 2651--2652
[]\OT1/cmr/bx/n/12 Lema 4.2. []\OT1/cmr/m/it/12 Sea $\OML/cmm/m/it/12 p > \OT1/cmr/m/n/12 1$ \OT1/cmr/m/it/12 y $\OML/cmm/m/it/12 " > \OT1/cmr/m/n/12 0$\OT1/cmr/m/it/12 . Si $\OML/cmm/m/it/12 f \OMS/cmsy/m/n/12 2 \OML/cmm/m/it/12 L[]\OT1/cmr/m/n/12 (0\OML/cmm/m/it/12 ; \OT1/cmr/m/n/12 1)$ \OT1/cmr/m/it/12 es tal que $\OT1/cmr/m/n/12 ([][] [][] \OML/cmm/m/it/12 dt\OT1/cmr/m/n/12 )[] \OML/cmm/m/it/12 <
 []

LaTeX Info: Redefining \. on input line 2662.
LaTeX Info: Redefining \% on input line 2662.
[80]
LaTeX Info: Redefining \. on input line 2696.
LaTeX Info: Redefining \% on input line 2696.
 [81]
LaTeX Info: Redefining \. on input line 2730.
LaTeX Info: Redefining \% on input line 2730.
 [82]
Overfull \hbox (3.97891pt too wide) in paragraph at lines 2742--2743
[]\OT1/cmr/m/n/12 Por $\OML/cmm/m/it/12 `[]$ \OT1/cmr/m/n/12 en-ten-de-mos el es-pa-cio de su-ce-sio-nes de n^^Sume-ros com-ple-jos $(\OML/cmm/m/it/12 z[]\OT1/cmr/m/n/12 )[]$
 []

LaTeX Info: Redefining \. on input line 2766.
LaTeX Info: Redefining \% on input line 2766.
[83]
Overfull \hbox (21.50526pt too wide) detected at line 2778
\OT1/cmr/m/n/12 (\OML/cmm/m/it/12 x[]\OT1/cmr/m/n/12 )[] = [][]  [] (\OML/cmm/m/it/12 y[]\OT1/cmr/m/n/12 )[] = [][]
 []

LaTeX Info: Redefining \. on input line 2798.
LaTeX Info: Redefining \% on input line 2798.
[84]
LaTeX Info: Redefining \. on input line 2838.
LaTeX Info: Redefining \% on input line 2838.
 [85]
Overfull \hbox (8.54924pt too wide) detected at line 2842
[] [][] \OMS/cmsy/m/n/12 ^^T [][] []
 []

LaTeX Info: Redefining \. on input line 2879.
LaTeX Info: Redefining \% on input line 2879.
[86]
Overfull \hbox (5.94086pt too wide) in paragraph at lines 2895--2897
\OT1/cmr/m/n/12 con lo que la su-ce-si^^Son $[][]$ con-ver-ge a $[][]$ en $\OML/cmm/m/it/12 `[]$\OT1/cmr/m/n/12 , adem^^Sas $[][] \OMS/cmsy/m/n/12 2
 []


Overfull \hbox (0.70026pt too wide) in paragraph at lines 2931--2932
[]\OT1/cmr/m/it/12 Considere el es-pa-cio de Berg-man en el dis-co uni-ta-rio: $[]\OT1/cmr/m/n/12 (\U/msb/m/n/12 D\OT1/cmr/m/n/12 ) \OMS/cmsy/m/n/12 \ \OML/cmm/m/it/12 L[]\OT1/cmr/m/n/12 (\U/msb/m/n/12 D\OML/cmm/m/it/12 ; \U/msb/m/n/12 C\OT1/cmr/m/n/12 )$\OT1/cmr/m/it/12 . 
 []


Overfull \hbox (18.11813pt too wide) detected at line 2942
[]
 []

LaTeX Info: Redefining \. on input line 2942.
LaTeX Info: Redefining \% on input line 2942.
[87]
LaTeX Info: Redefining \. on input line 2962.
LaTeX Info: Redefining \% on input line 2962.
 [88]
LaTeX Info: Redefining \. on input line 2965.
LaTeX Info: Redefining \% on input line 2965.
 [89] (./main.aux
LaTeX Info: Redefining \. on input line 8.
LaTeX Info: Redefining \% on input line 8.
) ) 
Here is how much of TeX's memory you used:
 7739 strings out of 476041
 112855 string characters out of 5793174
 1868388 words of memory out of 6000000
 28034 multiletter control sequences out of 15000+600000
 533765 words of font info for 128 fonts, out of 8000000 for 9000
 1137 hyphenation exceptions out of 8191
 57i,18n,62p,3322b,742s stack positions out of 10000i,1000n,20000p,200000b,200000s
</usr/share/texlive/texmf-dist/fonts/type1/public/amsfonts/cm/cmbx12.pfb></usr/share/texlive/texmf-dist/fonts/type1/public/amsfonts/cm/cmex10.pfb></usr/share/texlive/texmf-dist/fonts/type1/public/amsfonts/cm/cmmi10.pfb></usr/share/texlive/texmf-dist/fonts/type1/public/amsfonts/cm/cmmi12.pfb></usr/share/texlive/texmf-dist/fonts/type1/public/amsfonts/cm/cmmi6.pfb></usr/share/texlive/texmf-dist/fonts/type1/public/amsfonts/cm/cmmi8.pfb></usr/share/texlive/texmf-dist/fonts/type1/public/amsfonts/cm/cmr10.pfb></usr/share/texlive/texmf-dist/fonts/type1/public/amsfonts/cm/cmr12.pfb></usr/share/texlive/texmf-dist/fonts/type1/public/amsfonts/cm/cmr17.pfb></usr/share/texlive/texmf-dist/fonts/type1/public/amsfonts/cm/cmr6.pfb></usr/share/texlive/texmf-dist/fonts/type1/public/amsfonts/cm/cmr8.pfb></usr/share/texlive/texmf-dist/fonts/type1/public/amsfonts/cm/cmsl12.pfb></usr/share/texlive/texmf-dist/fonts/type1/public/amsfonts/cm/cmsy10.pfb></usr/share/texlive/texmf-dist/fonts/type1/public/amsfonts/cm/cmsy6.pfb></usr/share/texlive/texmf-dist/fonts/type1/public/amsfonts/cm/cmsy8.pfb></usr/share/texlive/texmf-dist/fonts/type1/public/amsfonts/cm/cmti10.pfb></usr/share/texlive/texmf-dist/fonts/type1/public/amsfonts/cm/cmti12.pfb></usr/share/texlive/texmf-dist/fonts/type1/public/amsfonts/symbols/msam10.pfb></usr/share/texlive/texmf-dist/fonts/type1/public/amsfonts/symbols/msbm10.pfb>
Output written on main.pdf (89 pages, 440471 bytes).
PDF statistics:
 387 PDF objects out of 1000 (max. 8388607)
 255 compressed objects within 3 object streams
 0 named destinations out of 1000 (max. 500000)
 1 words of extra memory for PDF output out of 10000 (max. 10000000)

